[debug] [2025-07-23T04:08:41.771Z] ----------------------------------------------------------------------
[debug] [2025-07-23T04:08:41.772Z] Command:       /Users/abdurrahmanhisham/.nvm/versions/node/v20.19.1/bin/node /Users/abdurrahmanhisham/.nvm/versions/node/v20.19.1/bin/firebase deploy --only hosting
[debug] [2025-07-23T04:08:41.773Z] CLI Version:   14.11.0
[debug] [2025-07-23T04:08:41.773Z] Platform:      darwin
[debug] [2025-07-23T04:08:41.773Z] Node Version:  v20.19.1
[debug] [2025-07-23T04:08:41.773Z] Time:          Wed Jul 23 2025 09:38:41 GMT+0530 (India Standard Time)
[debug] [2025-07-23T04:08:41.773Z] ----------------------------------------------------------------------
[debug] 
[debug] [2025-07-23T04:08:41.875Z] > command requires scopes: ["email","openid","https://www.googleapis.com/auth/cloudplatformprojects.readonly","https://www.googleapis.com/auth/firebase","https://www.googleapis.com/auth/cloud-platform"]
[debug] [2025-07-23T04:08:41.875Z] > authorizing via signed-in user (abdurrahmanhisham33@gmail.com)
[debug] [2025-07-23T04:08:41.875Z] [iam] checking project callpilot-84e9a for permissions ["firebase.projects.get","firebasehosting.sites.update"]
[debug] [2025-07-23T04:08:41.876Z] Checked if tokens are valid: true, expires at: 1753247119262
[debug] [2025-07-23T04:08:41.876Z] Checked if tokens are valid: true, expires at: 1753247119262
[debug] [2025-07-23T04:08:41.876Z] >>> [apiv2][query] POST https://cloudresourcemanager.googleapis.com/v1/projects/callpilot-84e9a:testIamPermissions [none]
[debug] [2025-07-23T04:08:41.876Z] >>> [apiv2][(partial)header] POST https://cloudresourcemanager.googleapis.com/v1/projects/callpilot-84e9a:testIamPermissions x-goog-quota-user=projects/callpilot-84e9a
[debug] [2025-07-23T04:08:41.876Z] >>> [apiv2][body] POST https://cloudresourcemanager.googleapis.com/v1/projects/callpilot-84e9a:testIamPermissions {"permissions":["firebase.projects.get","firebasehosting.sites.update"]}
[debug] [2025-07-23T04:08:43.162Z] <<< [apiv2][status] POST https://cloudresourcemanager.googleapis.com/v1/projects/callpilot-84e9a:testIamPermissions 200
[debug] [2025-07-23T04:08:43.163Z] <<< [apiv2][body] POST https://cloudresourcemanager.googleapis.com/v1/projects/callpilot-84e9a:testIamPermissions {"permissions":["firebase.projects.get","firebasehosting.sites.update"]}
[debug] [2025-07-23T04:08:43.163Z] Checked if tokens are valid: true, expires at: 1753247119262
[debug] [2025-07-23T04:08:43.163Z] Checked if tokens are valid: true, expires at: 1753247119262
[debug] [2025-07-23T04:08:43.163Z] >>> [apiv2][query] GET https://firebase.googleapis.com/v1beta1/projects/callpilot-84e9a [none]
[debug] [2025-07-23T04:08:44.451Z] <<< [apiv2][status] GET https://firebase.googleapis.com/v1beta1/projects/callpilot-84e9a 200
[debug] [2025-07-23T04:08:44.451Z] <<< [apiv2][body] GET https://firebase.googleapis.com/v1beta1/projects/callpilot-84e9a {"projectId":"callpilot-84e9a","projectNumber":"1038266381598","displayName":"CallPilot ","name":"projects/callpilot-84e9a","resources":{"hostingSite":"callpilot-84e9a"},"state":"ACTIVE","etag":"1_61b1a2c9-b1b9-4c70-b95e-3ec0501edf7d"}
[info] 
[info] === Deploying to 'callpilot-84e9a'...
[info] 
[info] i  deploying hosting 
[debug] [2025-07-23T04:08:44.455Z] Checked if tokens are valid: true, expires at: 1753247119262
[debug] [2025-07-23T04:08:44.455Z] Checked if tokens are valid: true, expires at: 1753247119262
[debug] [2025-07-23T04:08:44.455Z] >>> [apiv2][query] POST https://firebasehosting.googleapis.com/v1beta1/projects/-/sites/callpilot-84e9a/versions [none]
[debug] [2025-07-23T04:08:44.455Z] >>> [apiv2][body] POST https://firebasehosting.googleapis.com/v1beta1/projects/-/sites/callpilot-84e9a/versions {"status":"CREATED","labels":{"deployment-tool":"cli-firebase"}}
[debug] [2025-07-23T04:08:45.767Z] <<< [apiv2][status] POST https://firebasehosting.googleapis.com/v1beta1/projects/-/sites/callpilot-84e9a/versions 200
[debug] [2025-07-23T04:08:45.767Z] <<< [apiv2][body] POST https://firebasehosting.googleapis.com/v1beta1/projects/-/sites/callpilot-84e9a/versions {"name":"projects/1038266381598/sites/callpilot-84e9a/versions/dd53d6e2b7c5d200","status":"CREATED","config":{},"labels":{"deployment-tool":"cli-firebase"}}
[info] i  hosting[callpilot-84e9a]: beginning deploy... 
[info] i  hosting[callpilot-84e9a]: found 19 files in . 
[debug] [2025-07-23T04:08:45.782Z] [hosting] uploading with 200 concurrency
[debug] [2025-07-23T04:08:45.791Z] Checked if tokens are valid: true, expires at: 1753247119262
[debug] [2025-07-23T04:08:45.791Z] Checked if tokens are valid: true, expires at: 1753247119262
[debug] [2025-07-23T04:08:45.791Z] [hosting] hash cache [] stored for 19 files
[debug] [2025-07-23T04:08:45.792Z] [hosting][hash queue][FINAL] {"max":7,"min":0,"avg":0.631578947368421,"active":0,"complete":19,"success":19,"errored":0,"retried":0,"total":19,"elapsed":9}
[debug] [2025-07-23T04:08:45.792Z] >>> [apiv2][query] POST https://firebasehosting.googleapis.com/v1beta1/projects/1038266381598/sites/callpilot-84e9a/versions/dd53d6e2b7c5d200:populateFiles [none]
[debug] [2025-07-23T04:08:45.792Z] >>> [apiv2][body] POST https://firebasehosting.googleapis.com/v1beta1/projects/1038266381598/sites/callpilot-84e9a/versions/dd53d6e2b7c5d200:populateFiles {"files":{"/test-animations.html":"2ba704db37434cdd7792661591577eba4b56b3234db3f0c4a9563355782355c8","/package.json":"917f2fbeb5671c7a8a8f0c3111ccdaa630474cc79891a4aea18ee5da42ac65d9","/package-lock.json":"9c8b3bf4917bb7d02e7cb53f7a6c9bd8022c9ac4565c4ede396de222c1d866fb","/README.md":"7b85ae1af16353ec5dc47b668490e7aa1ef9a1eb875bb7422707c16d168cbbfd","/js/ultimate-scroll-animations.js":"1a6657248c8593fc6464663e88e6fec5e867b66a5b2d9165fc70b64ddd773068","/js/script.js":"8194c9157d3e13564a5a2aef91095d089d4a0b826816ae314c8e3ce0be8a0a68","/js/firebase-config.js":"b09f6e8d8e06f569511ffb67e063a3ac3941fa0028b1eac3bfec8dfe82e9db88","/css/voice-cards.css":"f5b878a32c4710b5f978a28f608b185304f2d01cc3c3b7df7d5a77771cb1601c","/css/styles.css":"8954b92093f2898d500c0385e71891e665a2f890704740399a17fec2797e1465","/css/responsive.css":"8ade8fb71cf661462ab8d26aca927a34d40dace0d4a35ca453d4d6e729188f0f","/audio/sample-7.mp3":"f1b651238a58fe290baec6c5e32f3bdb1943dd2bd582f02569231f7a757c7837","/audio/sample-6.mp3":"f1b651238a58fe290baec6c5e32f3bdb1943dd2bd582f02569231f7a757c7837","/audio/sample-5.mp3":"f1b651238a58fe290baec6c5e32f3bdb1943dd2bd582f02569231f7a757c7837","/audio/sample-4.mp3":"f1b651238a58fe290baec6c5e32f3bdb1943dd2bd582f02569231f7a757c7837","/audio/sample-3.mp3":"f1b651238a58fe290baec6c5e32f3bdb1943dd2bd582f02569231f7a757c7837","/audio/sample-2.mp3":"f1b651238a58fe290baec6c5e32f3bdb1943dd2bd582f02569231f7a757c7837","/audio/sample-1.mp3":"f1b651238a58fe290baec6c5e32f3bdb1943dd2bd582f02569231f7a757c7837","/plans.html":"be97f2a9e2add191635432242c6c20c4a3637d5415584a7cc36f7fdad38c4884","/index.html":"9fb84a4bb6ba02fb0c196185b54e35289bfaa2253e56a89cbd2ee08e43650f4d"}}
[debug] [2025-07-23T04:08:46.233Z] <<< [apiv2][status] POST https://firebasehosting.googleapis.com/v1beta1/projects/1038266381598/sites/callpilot-84e9a/versions/dd53d6e2b7c5d200:populateFiles 200
[debug] [2025-07-23T04:08:46.233Z] <<< [apiv2][body] POST https://firebasehosting.googleapis.com/v1beta1/projects/1038266381598/sites/callpilot-84e9a/versions/dd53d6e2b7c5d200:populateFiles {"uploadRequiredHashes":["9fb84a4bb6ba02fb0c196185b54e35289bfaa2253e56a89cbd2ee08e43650f4d","be97f2a9e2add191635432242c6c20c4a3637d5415584a7cc36f7fdad38c4884"],"uploadUrl":"https://upload-firebasehosting.googleapis.com/upload/sites/callpilot-84e9a/versions/dd53d6e2b7c5d200/files"}
[debug] [2025-07-23T04:08:46.235Z] Checked if tokens are valid: true, expires at: 1753247119262
[debug] [2025-07-23T04:08:46.235Z] Checked if tokens are valid: true, expires at: 1753247119262
[debug] [2025-07-23T04:08:46.235Z] Checked if tokens are valid: true, expires at: 1753247119262
[debug] [2025-07-23T04:08:46.235Z] Checked if tokens are valid: true, expires at: 1753247119262
[debug] [2025-07-23T04:08:46.235Z] >>> [apiv2][query] POST https://upload-firebasehosting.googleapis.com/upload/sites/callpilot-84e9a/versions/dd53d6e2b7c5d200/files/9fb84a4bb6ba02fb0c196185b54e35289bfaa2253e56a89cbd2ee08e43650f4d [none]
[debug] [2025-07-23T04:08:46.235Z] >>> [apiv2][body] POST https://upload-firebasehosting.googleapis.com/upload/sites/callpilot-84e9a/versions/dd53d6e2b7c5d200/files/9fb84a4bb6ba02fb0c196185b54e35289bfaa2253e56a89cbd2ee08e43650f4d [stream]
[debug] [2025-07-23T04:08:46.237Z] >>> [apiv2][query] POST https://upload-firebasehosting.googleapis.com/upload/sites/callpilot-84e9a/versions/dd53d6e2b7c5d200/files/be97f2a9e2add191635432242c6c20c4a3637d5415584a7cc36f7fdad38c4884 [none]
[debug] [2025-07-23T04:08:46.237Z] >>> [apiv2][body] POST https://upload-firebasehosting.googleapis.com/upload/sites/callpilot-84e9a/versions/dd53d6e2b7c5d200/files/be97f2a9e2add191635432242c6c20c4a3637d5415584a7cc36f7fdad38c4884 [stream]
[debug] [2025-07-23T04:08:46.239Z] [hosting][populate queue][FINAL] {"max":444,"min":444,"avg":444,"active":0,"complete":1,"success":1,"errored":0,"retried":0,"total":1,"elapsed":448}
[debug] [2025-07-23T04:08:46.239Z] [hosting] uploads queued: 2
[info] i  hosting: uploading new files [0/2] (0%) 
[debug] [2025-07-23T04:08:48.297Z] <<< [apiv2][status] POST https://upload-firebasehosting.googleapis.com/upload/sites/callpilot-84e9a/versions/dd53d6e2b7c5d200/files/be97f2a9e2add191635432242c6c20c4a3637d5415584a7cc36f7fdad38c4884 200
[debug] [2025-07-23T04:08:48.297Z] <<< [apiv2][body] POST https://upload-firebasehosting.googleapis.com/upload/sites/callpilot-84e9a/versions/dd53d6e2b7c5d200/files/be97f2a9e2add191635432242c6c20c4a3637d5415584a7cc36f7fdad38c4884 [stream]
